<?xml version="1.0" encoding="UTF-8" ?>
<!DOCTYPE struts PUBLIC
    "-//Apache Software Foundation//DTD Struts Configuration 2.5//EN"
    "http://struts.apache.org/dtds/struts-2.5.dtd">
<struts>

	<package name="test-action" extends="json-default" namespace="/test">
		<action name="testAction" class="action.TestAction" method="execute">
			<result name="success">/WEB-INF/jsp/test/success.jsp</result>
		</action>
		<action name="testJson" class="action.TestAction" method="list">
			<result name="success" type="json">
				<param name="root">te</param>
			</result>
		</action>
	</package>

</struts>
